2024-02-21 15:17:16.915 [error] [uncaught exception in sharedProcess]: Event not found: onDidChange: CodeExpectedError: Event not found: onDidChange
    at Object.listen (/Applications/Visual Studio Code.app/Contents/Resources/app/out/vs/code/node/sharedProcess/sharedProcessMain.js:45:4959)
    at E.t (/Applications/Visual Studio Code.app/Contents/Resources/app/out/vs/code/node/sharedProcess/sharedProcessMain.js:44:251)
    at E.q (/Applications/Visual Studio Code.app/Contents/Resources/app/out/vs/code/node/sharedProcess/sharedProcessMain.js:43:4371)
    at w.value (/Applications/Visual Studio Code.app/Contents/Resources/app/out/vs/code/node/sharedProcess/sharedProcessMain.js:43:3602)
    at d.y (/Applications/Visual Studio Code.app/Contents/Resources/app/out/vs/code/node/sharedProcess/sharedProcessMain.js:38:1902)
    at d.z (/Applications/Visual Studio Code.app/Contents/Resources/app/out/vs/code/node/sharedProcess/sharedProcessMain.js:38:1972)
    at d.fire (/Applications/Visual Studio Code.app/Contents/Resources/app/out/vs/code/node/sharedProcess/sharedProcessMain.js:38:2188)
    at MessagePortMain.de (/Applications/Visual Studio Code.app/Contents/Resources/app/out/vs/code/node/sharedProcess/sharedProcessMain.js:36:30422)
    at MessagePortMain.emit (node:events:514:28)
    at Object.emit (node:electron/js2c/utility_init:2:2285)
2024-02-21 15:18:42.469 [error] [uncaught exception in sharedProcess]: Event not found: onDidChange: CodeExpectedError: Event not found: onDidChange
    at Object.listen (/Applications/Visual Studio Code.app/Contents/Resources/app/out/vs/code/node/sharedProcess/sharedProcessMain.js:45:4959)
    at E.t (/Applications/Visual Studio Code.app/Contents/Resources/app/out/vs/code/node/sharedProcess/sharedProcessMain.js:44:251)
    at E.q (/Applications/Visual Studio Code.app/Contents/Resources/app/out/vs/code/node/sharedProcess/sharedProcessMain.js:43:4371)
    at w.value (/Applications/Visual Studio Code.app/Contents/Resources/app/out/vs/code/node/sharedProcess/sharedProcessMain.js:43:3602)
    at d.y (/Applications/Visual Studio Code.app/Contents/Resources/app/out/vs/code/node/sharedProcess/sharedProcessMain.js:38:1902)
    at d.z (/Applications/Visual Studio Code.app/Contents/Resources/app/out/vs/code/node/sharedProcess/sharedProcessMain.js:38:1972)
    at d.fire (/Applications/Visual Studio Code.app/Contents/Resources/app/out/vs/code/node/sharedProcess/sharedProcessMain.js:38:2188)
    at MessagePortMain.de (/Applications/Visual Studio Code.app/Contents/Resources/app/out/vs/code/node/sharedProcess/sharedProcessMain.js:36:30422)
    at MessagePortMain.emit (node:events:514:28)
    at Object.emit (node:electron/js2c/utility_init:2:2285)
