2024-02-21 15:17:16.838 [info] Extension host with pid 2634 started
2024-02-21 15:17:16.855 [info] ExtensionService#_doActivateExtension vscode.git-base, startup: true, activationEvent: '*', root cause: vscode.git
2024-02-21 15:17:16.857 [info] ExtensionService#_doActivateExtension s-nlf-fh.glassit, startup: true, activationEvent: '*'
2024-02-21 15:17:16.891 [info] ExtensionService#_doActivateExtension vscode.git, startup: true, activationEvent: '*'
2024-02-21 15:17:16.923 [info] ExtensionService#_doActivateExtension vscode.github, startup: true, activationEvent: '*'
2024-02-21 15:17:17.030 [info] Eager extensions activated
2024-02-21 15:17:17.037 [info] ExtensionService#_doActivateExtension vscode.debug-auto-launch, startup: false, activationEvent: 'onStartupFinished'
2024-02-21 15:17:17.039 [info] ExtensionService#_doActivateExtension vscode.merge-conflict, startup: false, activationEvent: 'onStartupFinished'
2024-02-21 15:17:17.048 [info] ExtensionService#_doActivateExtension dsznajder.es7-react-js-snippets, startup: false, activationEvent: 'onStartupFinished'
2024-02-21 15:17:17.280 [info] ExtensionService#_doActivateExtension esbenp.prettier-vscode, startup: false, activationEvent: 'onStartupFinished'
2024-02-21 15:17:17.317 [info] ExtensionService#_doActivateExtension PKief.material-icon-theme, startup: false, activationEvent: 'onStartupFinished'
2024-02-21 15:17:17.324 [info] ExtensionService#_doActivateExtension ritwickdey.LiveServer, startup: false, activationEvent: 'onStartupFinished'
2024-02-21 15:18:41.846 [info] Extension host terminating: renderer closed the MessagePort
2024-02-21 15:18:41.853 [info] Extension host with pid 2634 exiting with code 0
2024-02-21 15:18:42.415 [info] Extension host with pid 2691 started
2024-02-21 15:18:42.415 [info] Skipping acquiring lock for /Users/papyrus/Desktop/my-react-calc/~/root/User/workspaceStorage/a25b1235f3de3a96df122cd296db7621.
2024-02-21 15:18:42.429 [info] ExtensionService#_doActivateExtension vscode.git-base, startup: true, activationEvent: '*'
2024-02-21 15:18:42.430 [info] ExtensionService#_doActivateExtension vscode.npm, startup: true, activationEvent: 'workspaceContains:package.json'
2024-02-21 15:18:42.476 [info] ExtensionService#_doActivateExtension vscode.github, startup: true, activationEvent: '*'
2024-02-21 15:18:42.487 [info] Eager extensions activated
2024-02-21 15:18:42.490 [info] ExtensionService#_doActivateExtension vscode.debug-auto-launch, startup: false, activationEvent: 'onStartupFinished'
2024-02-21 15:18:42.491 [info] ExtensionService#_doActivateExtension vscode.merge-conflict, startup: false, activationEvent: 'onStartupFinished'
2024-02-21 15:18:42.493 [info] ExtensionService#_doActivateExtension dsznajder.es7-react-js-snippets, startup: false, activationEvent: 'onStartupFinished'
2024-02-21 15:18:42.564 [info] ExtensionService#_doActivateExtension esbenp.prettier-vscode, startup: false, activationEvent: 'onStartupFinished'
2024-02-21 15:18:42.579 [info] ExtensionService#_doActivateExtension PKief.material-icon-theme, startup: false, activationEvent: 'onStartupFinished'
2024-02-21 15:18:43.922 [info] ExtensionService#_doActivateExtension vscode.git, startup: false, activationEvent: 'api', root cause: vscode.github
2024-02-21 15:18:43.934 [info] ExtensionService#_doActivateExtension ritwickdey.LiveServer, startup: false, activationEvent: 'onStartupFinished'
2024-02-21 15:18:43.937 [info] ExtensionService#_doActivateExtension s-nlf-fh.glassit, startup: false, activationEvent: '*'
2024-02-21 15:19:08.034 [info] Extension host terminating: renderer closed the MessagePort
2024-02-21 15:19:08.043 [info] Extension host with pid 2691 exiting with code 0
